<?xml version="1.0" encoding="UTF-8"?>
<testsuite xmlns:xsi="http://www.w3.org/2001/XMLSchema-instance" xsi:noNamespaceSchemaLocation="https://maven.apache.org/surefire/maven-surefire-plugin/xsd/surefire-test-report-3.0.xsd" version="3.0" name="TestSuite" time="17.696" tests="1" errors="0" skipped="0" failures="0">
  <properties>
    <property name="sun.desktop" value="windows"/>
    <property name="awt.toolkit" value="sun.awt.windows.WToolkit"/>
    <property name="java.specification.version" value="11"/>
    <property name="webdriver.chrome.driver" value="C:\Users\Hozhalan\.m2\repository\webdriver\chromedriver\win32\114.0.5735.90\chromedriver.exe"/>
    <property name="sun.cpu.isalist" value="amd64"/>
    <property name="sun.jnu.encoding" value="Cp1252"/>
    <property name="java.class.path" value="D:\eclipse\workspace\Assignment\target\test-classes;D:\eclipse\workspace\Assignment\target\classes;C:\MVN_Repo\org\seleniumhq\selenium\selenium-java\3.141.59\selenium-java-3.141.59.jar;C:\MVN_Repo\org\seleniumhq\selenium\selenium-api\3.141.59\selenium-api-3.141.59.jar;C:\MVN_Repo\org\seleniumhq\selenium\selenium-chrome-driver\3.141.59\selenium-chrome-driver-3.141.59.jar;C:\MVN_Repo\org\seleniumhq\selenium\selenium-edge-driver\3.141.59\selenium-edge-driver-3.141.59.jar;C:\MVN_Repo\org\seleniumhq\selenium\selenium-firefox-driver\3.141.59\selenium-firefox-driver-3.141.59.jar;C:\MVN_Repo\org\seleniumhq\selenium\selenium-ie-driver\3.141.59\selenium-ie-driver-3.141.59.jar;C:\MVN_Repo\org\seleniumhq\selenium\selenium-opera-driver\3.141.59\selenium-opera-driver-3.141.59.jar;C:\MVN_Repo\org\seleniumhq\selenium\selenium-remote-driver\3.141.59\selenium-remote-driver-3.141.59.jar;C:\MVN_Repo\org\seleniumhq\selenium\selenium-safari-driver\3.141.59\selenium-safari-driver-3.141.59.jar;C:\MVN_Repo\org\seleniumhq\selenium\selenium-support\3.141.59\selenium-support-3.141.59.jar;C:\MVN_Repo\net\bytebuddy\byte-buddy\1.8.15\byte-buddy-1.8.15.jar;C:\MVN_Repo\org\apache\commons\commons-exec\1.3\commons-exec-1.3.jar;C:\MVN_Repo\com\google\guava\guava\25.0-jre\guava-25.0-jre.jar;C:\MVN_Repo\com\google\code\findbugs\jsr305\1.3.9\jsr305-1.3.9.jar;C:\MVN_Repo\org\checkerframework\checker-compat-qual\2.0.0\checker-compat-qual-2.0.0.jar;C:\MVN_Repo\com\google\errorprone\error_prone_annotations\2.1.3\error_prone_annotations-2.1.3.jar;C:\MVN_Repo\com\google\j2objc\j2objc-annotations\1.1\j2objc-annotations-1.1.jar;C:\MVN_Repo\org\codehaus\mojo\animal-sniffer-annotations\1.14\animal-sniffer-annotations-1.14.jar;C:\MVN_Repo\com\squareup\okhttp3\okhttp\3.11.0\okhttp-3.11.0.jar;C:\MVN_Repo\com\squareup\okio\okio\1.14.0\okio-1.14.0.jar;C:\MVN_Repo\io\github\bonigarcia\webdrivermanager\4.0.0\webdrivermanager-4.0.0.jar;C:\MVN_Repo\org\slf4j\slf4j-api\1.7.30\slf4j-api-1.7.30.jar;C:\MVN_Repo\commons-io\commons-io\2.6\commons-io-2.6.jar;C:\MVN_Repo\com\google\code\gson\gson\2.8.6\gson-2.8.6.jar;C:\MVN_Repo\org\apache\commons\commons-lang3\3.10\commons-lang3-3.10.jar;C:\MVN_Repo\org\apache\httpcomponents\client5\httpclient5\5.0\httpclient5-5.0.jar;C:\MVN_Repo\org\apache\httpcomponents\core5\httpcore5\5.0\httpcore5-5.0.jar;C:\MVN_Repo\org\apache\httpcomponents\core5\httpcore5-h2\5.0\httpcore5-h2-5.0.jar;C:\MVN_Repo\commons-codec\commons-codec\1.13\commons-codec-1.13.jar;C:\MVN_Repo\org\rauschig\jarchivelib\1.0.0\jarchivelib-1.0.0.jar;C:\MVN_Repo\org\apache\commons\commons-compress\1.18\commons-compress-1.18.jar;C:\MVN_Repo\org\jsoup\jsoup\1.13.1\jsoup-1.13.1.jar;C:\MVN_Repo\org\testng\testng\7.4.0\testng-7.4.0.jar;C:\MVN_Repo\com\beust\jcommander\1.78\jcommander-1.78.jar;C:\MVN_Repo\org\webjars\jquery\3.5.1\jquery-3.5.1.jar;"/>
    <property name="java.vm.vendor" value="Oracle Corporation"/>
    <property name="sun.arch.data.model" value="64"/>
    <property name="user.variant" value=""/>
    <property name="java.vendor.url" value="https://openjdk.java.net/"/>
    <property name="user.timezone" value="Asia/Colombo"/>
    <property name="java.vm.specification.version" value="11"/>
    <property name="os.name" value="Windows 11"/>
    <property name="sun.java.launcher" value="SUN_STANDARD"/>
    <property name="user.country" value="US"/>
    <property name="sun.boot.library.path" value="C:\Program Files\Java\jdk-11.0.17\bin"/>
    <property name="sun.java.command" value="C:\Users\Hozhalan\AppData\Local\Temp\surefire8740088997048612320\surefirebooter-20230806211054716_3.jar C:\Users\Hozhalan\AppData\Local\Temp\surefire8740088997048612320 2023-08-06T21-10-54_440-jvmRun1 surefire-20230806211054716_1tmp surefire_0-20230806211054716_2tmp"/>
    <property name="jdk.debug" value="release"/>
    <property name="surefire.test.class.path" value="D:\eclipse\workspace\Assignment\target\test-classes;D:\eclipse\workspace\Assignment\target\classes;C:\MVN_Repo\org\seleniumhq\selenium\selenium-java\3.141.59\selenium-java-3.141.59.jar;C:\MVN_Repo\org\seleniumhq\selenium\selenium-api\3.141.59\selenium-api-3.141.59.jar;C:\MVN_Repo\org\seleniumhq\selenium\selenium-chrome-driver\3.141.59\selenium-chrome-driver-3.141.59.jar;C:\MVN_Repo\org\seleniumhq\selenium\selenium-edge-driver\3.141.59\selenium-edge-driver-3.141.59.jar;C:\MVN_Repo\org\seleniumhq\selenium\selenium-firefox-driver\3.141.59\selenium-firefox-driver-3.141.59.jar;C:\MVN_Repo\org\seleniumhq\selenium\selenium-ie-driver\3.141.59\selenium-ie-driver-3.141.59.jar;C:\MVN_Repo\org\seleniumhq\selenium\selenium-opera-driver\3.141.59\selenium-opera-driver-3.141.59.jar;C:\MVN_Repo\org\seleniumhq\selenium\selenium-remote-driver\3.141.59\selenium-remote-driver-3.141.59.jar;C:\MVN_Repo\org\seleniumhq\selenium\selenium-safari-driver\3.141.59\selenium-safari-driver-3.141.59.jar;C:\MVN_Repo\org\seleniumhq\selenium\selenium-support\3.141.59\selenium-support-3.141.59.jar;C:\MVN_Repo\net\bytebuddy\byte-buddy\1.8.15\byte-buddy-1.8.15.jar;C:\MVN_Repo\org\apache\commons\commons-exec\1.3\commons-exec-1.3.jar;C:\MVN_Repo\com\google\guava\guava\25.0-jre\guava-25.0-jre.jar;C:\MVN_Repo\com\google\code\findbugs\jsr305\1.3.9\jsr305-1.3.9.jar;C:\MVN_Repo\org\checkerframework\checker-compat-qual\2.0.0\checker-compat-qual-2.0.0.jar;C:\MVN_Repo\com\google\errorprone\error_prone_annotations\2.1.3\error_prone_annotations-2.1.3.jar;C:\MVN_Repo\com\google\j2objc\j2objc-annotations\1.1\j2objc-annotations-1.1.jar;C:\MVN_Repo\org\codehaus\mojo\animal-sniffer-annotations\1.14\animal-sniffer-annotations-1.14.jar;C:\MVN_Repo\com\squareup\okhttp3\okhttp\3.11.0\okhttp-3.11.0.jar;C:\MVN_Repo\com\squareup\okio\okio\1.14.0\okio-1.14.0.jar;C:\MVN_Repo\io\github\bonigarcia\webdrivermanager\4.0.0\webdrivermanager-4.0.0.jar;C:\MVN_Repo\org\slf4j\slf4j-api\1.7.30\slf4j-api-1.7.30.jar;C:\MVN_Repo\commons-io\commons-io\2.6\commons-io-2.6.jar;C:\MVN_Repo\com\google\code\gson\gson\2.8.6\gson-2.8.6.jar;C:\MVN_Repo\org\apache\commons\commons-lang3\3.10\commons-lang3-3.10.jar;C:\MVN_Repo\org\apache\httpcomponents\client5\httpclient5\5.0\httpclient5-5.0.jar;C:\MVN_Repo\org\apache\httpcomponents\core5\httpcore5\5.0\httpcore5-5.0.jar;C:\MVN_Repo\org\apache\httpcomponents\core5\httpcore5-h2\5.0\httpcore5-h2-5.0.jar;C:\MVN_Repo\commons-codec\commons-codec\1.13\commons-codec-1.13.jar;C:\MVN_Repo\org\rauschig\jarchivelib\1.0.0\jarchivelib-1.0.0.jar;C:\MVN_Repo\org\apache\commons\commons-compress\1.18\commons-compress-1.18.jar;C:\MVN_Repo\org\jsoup\jsoup\1.13.1\jsoup-1.13.1.jar;C:\MVN_Repo\org\testng\testng\7.4.0\testng-7.4.0.jar;C:\MVN_Repo\com\beust\jcommander\1.78\jcommander-1.78.jar;C:\MVN_Repo\org\webjars\jquery\3.5.1\jquery-3.5.1.jar;"/>
    <property name="sun.cpu.endian" value="little"/>
    <property name="user.home" value="C:\Users\Hozhalan"/>
    <property name="user.language" value="en"/>
    <property name="java.specification.vendor" value="Oracle Corporation"/>
    <property name="java.version.date" value="2022-10-18"/>
    <property name="java.home" value="C:\Program Files\Java\jdk-11.0.17"/>
    <property name="file.separator" value="\"/>
    <property name="basedir" value="D:\eclipse\workspace\Assignment"/>
    <property name="java.vm.compressedOopsMode" value="Zero based"/>
    <property name="line.separator" value="&#10;"/>
    <property name="java.specification.name" value="Java Platform API Specification"/>
    <property name="java.vm.specification.vendor" value="Oracle Corporation"/>
    <property name="java.awt.graphicsenv" value="sun.awt.Win32GraphicsEnvironment"/>
    <property name="surefire.real.class.path" value="C:\Users\Hozhalan\AppData\Local\Temp\surefire8740088997048612320\surefirebooter-20230806211054716_3.jar"/>
    <property name="user.script" value=""/>
    <property name="sun.management.compiler" value="HotSpot 64-Bit Tiered Compilers"/>
    <property name="java.runtime.version" value="11.0.17+10-LTS-269"/>
    <property name="user.name" value="Hozhalan"/>
    <property name="path.separator" value=";"/>
    <property name="os.version" value="10.0"/>
    <property name="java.runtime.name" value="Java(TM) SE Runtime Environment"/>
    <property name="file.encoding" value="Cp1252"/>
    <property name="java.vm.name" value="Java HotSpot(TM) 64-Bit Server VM"/>
    <property name="java.vendor.version" value="18.9"/>
    <property name="localRepository" value="C:\MVN_Repo"/>
    <property name="java.vendor.url.bug" value="https://bugreport.java.com/bugreport/"/>
    <property name="java.io.tmpdir" value="C:\Users\Hozhalan\AppData\Local\Temp\"/>
    <property name="java.version" value="11.0.17"/>
    <property name="user.dir" value="D:\eclipse\workspace\Assignment"/>
    <property name="os.arch" value="amd64"/>
    <property name="java.vm.specification.name" value="Java Virtual Machine Specification"/>
    <property name="java.awt.printerjob" value="sun.awt.windows.WPrinterJob"/>
    <property name="sun.os.patch.level" value=""/>
    <property name="java.library.path" value="C:\Program Files\Java\jdk-11.0.17\bin;C:\WINDOWS\Sun\Java\bin;C:\WINDOWS\system32;C:\WINDOWS;C:\Program Files\Common Files\Oracle\Java\javapath;C:\Python39\Scripts\;C:\Python39\;C:\WINDOWS\system32;C:\WINDOWS;C:\WINDOWS\System32\Wbem;C:\WINDOWS\System32\WindowsPowerShell\v1.0\;C:\WINDOWS\System32\OpenSSH\;C:\ProgramData\chocolatey\bin;C:\Users\Hozhalan\AppData\Local\Android\Sdk\build-tools;C:\Users\Hozhalan\AppData\Local\Android\Sdk\platforms;C:\Users\Hozhalan\AppData\Local\Android\Sdk\platform-tools;C:\Users\Hozhalan\AppData\Local\Android\Sdk\tools;C:\Program Files\Java\jdk-11.0.17\bin;C:\Program Files\Git\cmd;C:\Program Files\nodejs\;C:\Users\Hozhalan\AppData\Local\Microsoft\WindowsApps;C:\Program Files\Java\jdk1.8.0_301\bin;C:\gradle-7.2\bin;C:\groovy-3.0.9\bin;C:\spring-2.5.5\bin;C:\apache-maven-3.8.3\bin;;C:\Program Files\JetBrains\IntelliJ IDEA Community Edition 2022.2\bin;;C:\Program Files\JetBrains\IntelliJ IDEA 2021.2.2\bin;;C:\Users\Hozhalan\AppData\Local\Programs\Microsoft VS Code\bin;C:\Users\Hozhalan\AppData\Roaming\npm;."/>
    <property name="java.vendor" value="Oracle Corporation"/>
    <property name="java.vm.info" value="mixed mode"/>
    <property name="java.vm.version" value="11.0.17+10-LTS-269"/>
    <property name="sun.io.unicode.encoding" value="UnicodeLittle"/>
    <property name="java.class.version" value="55.0"/>
  </properties>
  <testcase name="Test1" classname="tests.MyTest" time="2.356">
    <system-err><![CDATA[SLF4J: Failed to load class "org.slf4j.impl.StaticLoggerBinder".
SLF4J: Defaulting to no-operation (NOP) logger implementation
SLF4J: See http://www.slf4j.org/codes.html#StaticLoggerBinder for further details.
Starting ChromeDriver 114.0.5735.90 (386bc09e8f4f2e025eddae123f36f6263096ae49-refs/branch-heads/5735@{#1052}) on port 8142
Only local connections are allowed.
Please see https://chromedriver.chromium.org/security-considerations for suggestions on keeping ChromeDriver safe.
ChromeDriver was started successfully.
[1691336458.171][WARNING]: This version of ChromeDriver has not been tested with Chrome version 115.
Aug 06, 2023 9:10:58 PM org.openqa.selenium.remote.ProtocolHandshake createSession
INFO: Detected dialect: W3C
]]></system-err>
  </testcase>
</testsuite>