<?xml version="1.0" encoding="UTF-8"?>
<!-- Generated by org.testng.reporters.JUnitReportReporter -->
<testsuite hostname="DESKTOP-LL6P1K6" failures="0" tests="1" name="tests.MyTest" time="2.354" errors="0" timestamp="2023-08-06T21:11:12 IST" skipped="0">
  <testcase classname="tests.MyTest" name="Test1" time="2.354"/>
  <system-out/>
</testsuite> <!-- tests.MyTest -->
